1506286494173	geckodriver	INFO	geckodriver 0.19.0
1506286494236	geckodriver	INFO	Listening on 127.0.0.1:49998
1506286495513	mozrunner::runner	INFO	Running command: "/Applications/Firefox.app/Contents/MacOS/firefox-bin" "-marionette" "-profile" "/var/folders/h0/77sqgz816cv6ntx9g2tl5pvh0000gn/T/rust_mozprofile.3GbzVhqVHRnz"
1506286496031	addons.xpi	WARN	Error parsing extensions state: [Exception... "Component returned failure code: 0x80520012 (NS_ERROR_FILE_NOT_FOUND) [amIAddonManagerStartup.readStartupData]"  nsresult: "0x80520012 (NS_ERROR_FILE_NOT_FOUND)"  location: "JS frame :: resource://gre/modules/addons/XPIProvider.jsm :: loadExtensionState :: line 1596"  data: no] Stack trace: loadExtensionState()@resource://gre/modules/addons/XPIProvider.jsm:1596 < getInstallState()@resource://gre/modules/addons/XPIProvider.jsm:1631 < checkForChanges()@resource://gre/modules/addons/XPIProvider.jsm:3152 < startup()@resource://gre/modules/addons/XPIProvider.jsm:2246 < callProvider()@resource://gre/modules/AddonManager.jsm:271 < _startProvider()@resource://gre/modules/AddonManager.jsm:741 < startup()@resource://gre/modules/AddonManager.jsm:908 < startup()@resource://gre/modules/AddonManager.jsm:3122 < observe()@jar:file:///Applications/Firefox.app/Contents/Resources/omni.ja!/components/addonManager.js:65
1506286496444	Marionette	INFO	Enabled via --marionette
2017-09-24 13:54:58.117 plugin-container[95789:13859786] *** CFMessagePort: bootstrap_register(): failed 1100 (0x44c) 'Permission denied', port = 0xa537, name = 'com.apple.tsm.portname'
See /usr/include/servers/bootstrap_defs.h for the error codes.
2017-09-24 13:54:58.125 plugin-container[95789:13859786] *** CFMessagePort: bootstrap_register(): failed 1100 (0x44c) 'Permission denied', port = 0xa903, name = 'com.apple.CFPasteboardClient'
See /usr/include/servers/bootstrap_defs.h for the error codes.
1506286498427	Marionette	INFO	Listening on port 50012
JavaScript error: chrome://marionette/content/server.js, line 337: NS_ERROR_SOCKET_ADDRESS_IN_USE: Component returned failure code: 0x804b0036 (NS_ERROR_SOCKET_ADDRESS_IN_USE) [nsIServerSocket.initSpecialConnection]
1506286498489	Marionette	WARN	TLS certificate errors will be ignored for this session
1506286498532	Marionette	DEBUG	loaded listener.js
1506286498554	Marionette	DEBUG	Received DOM event "beforeunload" for "about:blank"
1506286498695	Marionette	DEBUG	Received DOM event "pagehide" for "about:blank"
1506286498696	Marionette	DEBUG	Received DOM event "unload" for "about:blank"
1506286498868	Marionette	DEBUG	Received DOM event "DOMContentLoaded" for "http://localhost:8000/"
1506286498955	Marionette	DEBUG	Received DOM event "pageshow" for "http://localhost:8000/"
1506286544981	geckodriver	INFO	geckodriver 0.19.0
1506286545044	geckodriver	INFO	Listening on 127.0.0.1:50293
1506286546123	mozrunner::runner	INFO	Running command: "/Applications/Firefox.app/Contents/MacOS/firefox-bin" "-marionette" "-profile" "/var/folders/h0/77sqgz816cv6ntx9g2tl5pvh0000gn/T/rust_mozprofile.0bp8UG5KxdEX"
1506286546483	addons.xpi	WARN	Error parsing extensions state: [Exception... "Component returned failure code: 0x80520012 (NS_ERROR_FILE_NOT_FOUND) [amIAddonManagerStartup.readStartupData]"  nsresult: "0x80520012 (NS_ERROR_FILE_NOT_FOUND)"  location: "JS frame :: resource://gre/modules/addons/XPIProvider.jsm :: loadExtensionState :: line 1596"  data: no] Stack trace: loadExtensionState()@resource://gre/modules/addons/XPIProvider.jsm:1596 < getInstallState()@resource://gre/modules/addons/XPIProvider.jsm:1631 < checkForChanges()@resource://gre/modules/addons/XPIProvider.jsm:3152 < startup()@resource://gre/modules/addons/XPIProvider.jsm:2246 < callProvider()@resource://gre/modules/AddonManager.jsm:271 < _startProvider()@resource://gre/modules/AddonManager.jsm:741 < startup()@resource://gre/modules/AddonManager.jsm:908 < startup()@resource://gre/modules/AddonManager.jsm:3122 < observe()@jar:file:///Applications/Firefox.app/Contents/Resources/omni.ja!/components/addonManager.js:65
1506286546897	Marionette	INFO	Enabled via --marionette
2017-09-24 13:55:48.304 plugin-container[95850:13862029] *** CFMessagePort: bootstrap_register(): failed 1100 (0x44c) 'Permission denied', port = 0xa43b, name = 'com.apple.tsm.portname'
See /usr/include/servers/bootstrap_defs.h for the error codes.
2017-09-24 13:55:48.307 plugin-container[95850:13862029] *** CFMessagePort: bootstrap_register(): failed 1100 (0x44c) 'Permission denied', port = 0xa703, name = 'com.apple.CFPasteboardClient'
See /usr/include/servers/bootstrap_defs.h for the error codes.
1506286548537	Marionette	INFO	Listening on port 50306
JavaScript error: chrome://marionette/content/server.js, line 337: NS_ERROR_SOCKET_ADDRESS_IN_USE: Component returned failure code: 0x804b0036 (NS_ERROR_SOCKET_ADDRESS_IN_USE) [nsIServerSocket.initSpecialConnection]
1506286548644	Marionette	WARN	TLS certificate errors will be ignored for this session
1506286548699	Marionette	DEBUG	loaded listener.js
1506286548729	Marionette	DEBUG	Received DOM event "beforeunload" for "about:blank"
1506286548746	Marionette	DEBUG	Received DOM event "beforeunload" for "about:blank"
1506286548753	Marionette	DEBUG	Received DOM event "pagehide" for "about:blank"
1506286548754	Marionette	DEBUG	Received DOM event "unload" for "about:blank"
1506286548842	Marionette	DEBUG	Received DOM event "DOMContentLoaded" for "about:neterror?e=connectionFailure&u=http%3A//localhost%3A8000/&c=UTF-8&f=regular&d=Firefox%20can%E2%80%99t%20establish%20a%20connection%20to%20the%20server%20at%20localhost%3A8000."
1506286718822	geckodriver	INFO	geckodriver 0.19.0
1506286718884	geckodriver	INFO	Listening on 127.0.0.1:51091
1506286719908	mozrunner::runner	INFO	Running command: "/Applications/Firefox.app/Contents/MacOS/firefox-bin" "-marionette" "-profile" "/var/folders/h0/77sqgz816cv6ntx9g2tl5pvh0000gn/T/rust_mozprofile.Vrz1T3kNMeCF"
1506286720250	addons.xpi	WARN	Error parsing extensions state: [Exception... "Component returned failure code: 0x80520012 (NS_ERROR_FILE_NOT_FOUND) [amIAddonManagerStartup.readStartupData]"  nsresult: "0x80520012 (NS_ERROR_FILE_NOT_FOUND)"  location: "JS frame :: resource://gre/modules/addons/XPIProvider.jsm :: loadExtensionState :: line 1596"  data: no] Stack trace: loadExtensionState()@resource://gre/modules/addons/XPIProvider.jsm:1596 < getInstallState()@resource://gre/modules/addons/XPIProvider.jsm:1631 < checkForChanges()@resource://gre/modules/addons/XPIProvider.jsm:3152 < startup()@resource://gre/modules/addons/XPIProvider.jsm:2246 < callProvider()@resource://gre/modules/AddonManager.jsm:271 < _startProvider()@resource://gre/modules/AddonManager.jsm:741 < startup()@resource://gre/modules/AddonManager.jsm:908 < startup()@resource://gre/modules/AddonManager.jsm:3122 < observe()@jar:file:///Applications/Firefox.app/Contents/Resources/omni.ja!/components/addonManager.js:65
1506286720616	Marionette	INFO	Enabled via --marionette
2017-09-24 13:58:41.965 plugin-container[96011:13869994] *** CFMessagePort: bootstrap_register(): failed 1100 (0x44c) 'Permission denied', port = 0xa43f, name = 'com.apple.tsm.portname'
See /usr/include/servers/bootstrap_defs.h for the error codes.
2017-09-24 13:58:41.969 plugin-container[96011:13869994] *** CFMessagePort: bootstrap_register(): failed 1100 (0x44c) 'Permission denied', port = 0xa803, name = 'com.apple.CFPasteboardClient'
See /usr/include/servers/bootstrap_defs.h for the error codes.
1506286722397	Marionette	INFO	Listening on port 51104
JavaScript error: chrome://marionette/content/server.js, line 337: NS_ERROR_SOCKET_ADDRESS_IN_USE: Component returned failure code: 0x804b0036 (NS_ERROR_SOCKET_ADDRESS_IN_USE) [nsIServerSocket.initSpecialConnection]
1506286722444	Marionette	WARN	TLS certificate errors will be ignored for this session
1506286722493	Marionette	DEBUG	loaded listener.js
1506286722515	Marionette	DEBUG	Received DOM event "beforeunload" for "about:blank"
1506286722567	Marionette	DEBUG	Received DOM event "pagehide" for "about:blank"
1506286722568	Marionette	DEBUG	Received DOM event "unload" for "about:blank"
1506286722574	Marionette	DEBUG	Received DOM event "DOMContentLoaded" for "http://localhost:8000/"
1506286722606	Marionette	DEBUG	Received DOM event "pageshow" for "http://localhost:8000/"
